Determining size of off64_t failed with the following output:
Change Dir: E:/Project/Project/CMakeFiles/CMakeTmp

Run Build Command:"C:\Program Files (x86)\Microsoft Visual Studio\2017\Community/MSBuild/15.0/Bin/MSBuild.exe" "cmTC_d541f.vcxproj" "/p:Configuration=Debug" "/p:VisualStudioVersion=15.0"
Microsoft (R) Build Engine version 15.4.8.50001 for .NET Framework
Copyright (C) Microsoft Corporation. All rights reserved.

Build started 26-Nov-17 11:57:23 PM.
Project "E:\Project\Project\CMakeFiles\CMakeTmp\cmTC_d541f.vcxproj" on node 1 (default targets).
PrepareForBuild:
  Creating directory "cmTC_d541f.dir\Debug\".
  Creating directory "E:\Project\Project\CMakeFiles\CMakeTmp\Debug\".
  Creating directory "cmTC_d541f.dir\Debug\cmTC_d541f.tlog\".
InitializeBuildStatus:
  Creating "cmTC_d541f.dir\Debug\cmTC_d541f.tlog\unsuccessfulbuild" because "AlwaysCreate" was specified.
ClCompile:
  C:\Program Files (x86)\Microsoft Visual Studio\2017\Community\VC\Tools\MSVC\14.11.25503\bin\HostX86\x64\CL.exe /c /Zi /W3 /WX- /diagnostics:classic /Od /Ob0 /D WIN32 /D _WINDOWS /D _LARGEFILE64_SOURCE=1 /D HAVE_SYS_TYPES_H /D HAVE_STDINT_H /D HAVE_STDDEF_H /D "CMAKE_INTDIR=\"Debug\"" /D _MBCS /Gm- /RTC1 /MDd /GS /fp:precise /Zc:wchar_t /Zc:forScope /Zc:inline /Fo"cmTC_d541f.dir\Debug\\" /Fd"cmTC_d541f.dir\Debug\vc141.pdb" /Gd /TC /errorReport:queue E:\Project\Project\CMakeFiles\CheckTypeSize\OFF64_T.c
  Microsoft (R) C/C++ Optimizing Compiler Version 19.11.25547 for x64
  Copyright (C) Microsoft Corporation.  All rights reserved.
  
  cl /c /Zi /W3 /WX- /diagnostics:classic /Od /Ob0 /D WIN32 /D _WINDOWS /D _LARGEFILE64_SOURCE=1 /D HAVE_SYS_TYPES_H /D HAVE_STDINT_H /D HAVE_STDDEF_H /D "CMAKE_INTDIR=\"Debug\"" /D _MBCS /Gm- /RTC1 /MDd /GS /fp:precise /Zc:wchar_t /Zc:forScope /Zc:inline /Fo"cmTC_d541f.dir\Debug\\" /Fd"cmTC_d541f.dir\Debug\vc141.pdb" /Gd /TC /errorReport:queue E:\Project\Project\CMakeFiles\CheckTypeSize\OFF64_T.c
  OFF64_T.c
  
E:\Project\Project\CMakeFiles\CheckTypeSize\OFF64_T.c(19): error C2065: 'off64_t': undeclared identifier [E:\Project\Project\CMakeFiles\CMakeTmp\cmTC_d541f.vcxproj]
E:\Project\Project\CMakeFiles\CheckTypeSize\OFF64_T.c(20): error C2065: 'off64_t': undeclared identifier [E:\Project\Project\CMakeFiles\CMakeTmp\cmTC_d541f.vcxproj]
E:\Project\Project\CMakeFiles\CheckTypeSize\OFF64_T.c(21): error C2065: 'off64_t': undeclared identifier [E:\Project\Project\CMakeFiles\CMakeTmp\cmTC_d541f.vcxproj]
E:\Project\Project\CMakeFiles\CheckTypeSize\OFF64_T.c(22): error C2065: 'off64_t': undeclared identifier [E:\Project\Project\CMakeFiles\CMakeTmp\cmTC_d541f.vcxproj]
E:\Project\Project\CMakeFiles\CheckTypeSize\OFF64_T.c(23): error C2065: 'off64_t': undeclared identifier [E:\Project\Project\CMakeFiles\CMakeTmp\cmTC_d541f.vcxproj]
Done Building Project "E:\Project\Project\CMakeFiles\CMakeTmp\cmTC_d541f.vcxproj" (default targets) -- FAILED.

Build FAILED.

"E:\Project\Project\CMakeFiles\CMakeTmp\cmTC_d541f.vcxproj" (default target) (1) ->
(ClCompile target) -> 
  E:\Project\Project\CMakeFiles\CheckTypeSize\OFF64_T.c(19): error C2065: 'off64_t': undeclared identifier [E:\Project\Project\CMakeFiles\CMakeTmp\cmTC_d541f.vcxproj]
  E:\Project\Project\CMakeFiles\CheckTypeSize\OFF64_T.c(20): error C2065: 'off64_t': undeclared identifier [E:\Project\Project\CMakeFiles\CMakeTmp\cmTC_d541f.vcxproj]
  E:\Project\Project\CMakeFiles\CheckTypeSize\OFF64_T.c(21): error C2065: 'off64_t': undeclared identifier [E:\Project\Project\CMakeFiles\CMakeTmp\cmTC_d541f.vcxproj]
  E:\Project\Project\CMakeFiles\CheckTypeSize\OFF64_T.c(22): error C2065: 'off64_t': undeclared identifier [E:\Project\Project\CMakeFiles\CMakeTmp\cmTC_d541f.vcxproj]
  E:\Project\Project\CMakeFiles\CheckTypeSize\OFF64_T.c(23): error C2065: 'off64_t': undeclared identifier [E:\Project\Project\CMakeFiles\CMakeTmp\cmTC_d541f.vcxproj]

    0 Warning(s)
    5 Error(s)

Time Elapsed 00:00:00.41

E:/Project/Project/CMakeFiles/CheckTypeSize/OFF64_T.c:
#include <sys/types.h>
#include <stdint.h>
#include <stddef.h>


#undef KEY
#if defined(__i386)
# define KEY '_','_','i','3','8','6'
#elif defined(__x86_64)
# define KEY '_','_','x','8','6','_','6','4'
#elif defined(__ppc__)
# define KEY '_','_','p','p','c','_','_'
#elif defined(__ppc64__)
# define KEY '_','_','p','p','c','6','4','_','_'
#endif

#define SIZE (sizeof(off64_t))
char info_size[] =  {'I', 'N', 'F', 'O', ':', 's','i','z','e','[',
  ('0' + ((SIZE / 10000)%10)),
  ('0' + ((SIZE / 1000)%10)),
  ('0' + ((SIZE / 100)%10)),
  ('0' + ((SIZE / 10)%10)),
  ('0' +  (SIZE    % 10)),
  ']',
#ifdef KEY
  ' ','k','e','y','[', KEY, ']',
#endif
  '\0'};

#ifdef __CLASSIC_C__
int main(argc, argv) int argc; char *argv[];
#else
int main(int argc, char *argv[])
#endif
{
  int require = 0;
  require += info_size[argc];
  (void)argv;
  return require;
}


Determining if the function fseeko exists failed with the following output:
Change Dir: E:/Project/Project/CMakeFiles/CMakeTmp

Run Build Command:"C:\Program Files (x86)\Microsoft Visual Studio\2017\Community/MSBuild/15.0/Bin/MSBuild.exe" "cmTC_e27dc.vcxproj" "/p:Configuration=Debug" "/p:VisualStudioVersion=15.0"
Microsoft (R) Build Engine version 15.4.8.50001 for .NET Framework
Copyright (C) Microsoft Corporation. All rights reserved.

Build started 26-Nov-17 11:57:23 PM.
Project "E:\Project\Project\CMakeFiles\CMakeTmp\cmTC_e27dc.vcxproj" on node 1 (default targets).
PrepareForBuild:
  Creating directory "cmTC_e27dc.dir\Debug\".
  Creating directory "E:\Project\Project\CMakeFiles\CMakeTmp\Debug\".
  Creating directory "cmTC_e27dc.dir\Debug\cmTC_e27dc.tlog\".
InitializeBuildStatus:
  Creating "cmTC_e27dc.dir\Debug\cmTC_e27dc.tlog\unsuccessfulbuild" because "AlwaysCreate" was specified.
ClCompile:
  C:\Program Files (x86)\Microsoft Visual Studio\2017\Community\VC\Tools\MSVC\14.11.25503\bin\HostX86\x64\CL.exe /c /Zi /W3 /WX- /diagnostics:classic /Od /Ob0 /D WIN32 /D _WINDOWS /D CHECK_FUNCTION_EXISTS=fseeko /D "CMAKE_INTDIR=\"Debug\"" /D _MBCS /Gm- /RTC1 /MDd /GS /fp:precise /Zc:wchar_t /Zc:forScope /Zc:inline /Fo"cmTC_e27dc.dir\Debug\\" /Fd"cmTC_e27dc.dir\Debug\vc141.pdb" /Gd /TC /errorReport:queue "C:\Program Files\CMake\share\cmake-3.9\Modules\CheckFunctionExists.c"
  Microsoft (R) C/C++ Optimizing Compiler Version 19.11.25547 for x64
  Copyright (C) Microsoft Corporation.  All rights reserved.
  
  cl /c /Zi /W3 /WX- /diagnostics:classic /Od /Ob0 /D WIN32 /D _WINDOWS /D CHECK_FUNCTION_EXISTS=fseeko /D "CMAKE_INTDIR=\"Debug\"" /D _MBCS /Gm- /RTC1 /MDd /GS /fp:precise /Zc:wchar_t /Zc:forScope /Zc:inline /Fo"cmTC_e27dc.dir\Debug\\" /Fd"cmTC_e27dc.dir\Debug\vc141.pdb" /Gd /TC /errorReport:queue "C:\Program Files\CMake\share\cmake-3.9\Modules\CheckFunctionExists.c"
  CheckFunctionExists.c
  
Link:
  C:\Program Files (x86)\Microsoft Visual Studio\2017\Community\VC\Tools\MSVC\14.11.25503\bin\HostX86\x64\link.exe /ERRORREPORT:QUEUE /OUT:"E:\Project\Project\CMakeFiles\CMakeTmp\Debug\cmTC_e27dc.exe" /INCREMENTAL /NOLOGO kernel32.lib user32.lib gdi32.lib winspool.lib shell32.lib ole32.lib oleaut32.lib uuid.lib comdlg32.lib advapi32.lib /MANIFEST /MANIFESTUAC:"level='asInvoker' uiAccess='false'" /manifest:embed /DEBUG /PDB:"E:/Project/Project/CMakeFiles/CMakeTmp/Debug/cmTC_e27dc.pdb" /SUBSYSTEM:CONSOLE /TLBID:1 /DYNAMICBASE /NXCOMPAT /IMPLIB:"E:/Project/Project/CMakeFiles/CMakeTmp/Debug/cmTC_e27dc.lib" /MACHINE:X64  /machine:x64 cmTC_e27dc.dir\Debug\CheckFunctionExists.obj
CheckFunctionExists.obj : error LNK2019: unresolved external symbol fseeko referenced in function main [E:\Project\Project\CMakeFiles\CMakeTmp\cmTC_e27dc.vcxproj]
E:\Project\Project\CMakeFiles\CMakeTmp\Debug\cmTC_e27dc.exe : fatal error LNK1120: 1 unresolved externals [E:\Project\Project\CMakeFiles\CMakeTmp\cmTC_e27dc.vcxproj]
Done Building Project "E:\Project\Project\CMakeFiles\CMakeTmp\cmTC_e27dc.vcxproj" (default targets) -- FAILED.

Build FAILED.

"E:\Project\Project\CMakeFiles\CMakeTmp\cmTC_e27dc.vcxproj" (default target) (1) ->
(Link target) -> 
  CheckFunctionExists.obj : error LNK2019: unresolved external symbol fseeko referenced in function main [E:\Project\Project\CMakeFiles\CMakeTmp\cmTC_e27dc.vcxproj]
  E:\Project\Project\CMakeFiles\CMakeTmp\Debug\cmTC_e27dc.exe : fatal error LNK1120: 1 unresolved externals [E:\Project\Project\CMakeFiles\CMakeTmp\cmTC_e27dc.vcxproj]

    0 Warning(s)
    2 Error(s)

Time Elapsed 00:00:00.57


Determining if the include file unistd.h exists failed with the following output:
Change Dir: E:/Project/Project/CMakeFiles/CMakeTmp

Run Build Command:"C:\Program Files (x86)\Microsoft Visual Studio\2017\Community/MSBuild/15.0/Bin/MSBuild.exe" "cmTC_00a41.vcxproj" "/p:Configuration=Debug" "/p:VisualStudioVersion=15.0"
Microsoft (R) Build Engine version 15.4.8.50001 for .NET Framework
Copyright (C) Microsoft Corporation. All rights reserved.

Build started 26-Nov-17 11:57:24 PM.
Project "E:\Project\Project\CMakeFiles\CMakeTmp\cmTC_00a41.vcxproj" on node 1 (default targets).
PrepareForBuild:
  Creating directory "cmTC_00a41.dir\Debug\".
  Creating directory "E:\Project\Project\CMakeFiles\CMakeTmp\Debug\".
  Creating directory "cmTC_00a41.dir\Debug\cmTC_00a41.tlog\".
InitializeBuildStatus:
  Creating "cmTC_00a41.dir\Debug\cmTC_00a41.tlog\unsuccessfulbuild" because "AlwaysCreate" was specified.
ClCompile:
  C:\Program Files (x86)\Microsoft Visual Studio\2017\Community\VC\Tools\MSVC\14.11.25503\bin\HostX86\x64\CL.exe /c /Zi /W3 /WX- /diagnostics:classic /Od /Ob0 /D WIN32 /D _WINDOWS /D "CMAKE_INTDIR=\"Debug\"" /D _MBCS /Gm- /RTC1 /MDd /GS /fp:precise /Zc:wchar_t /Zc:forScope /Zc:inline /Fo"cmTC_00a41.dir\Debug\\" /Fd"cmTC_00a41.dir\Debug\vc141.pdb" /Gd /TC /errorReport:queue E:\Project\Project\CMakeFiles\CMakeTmp\CheckIncludeFile.c
  Microsoft (R) C/C++ Optimizing Compiler Version 19.11.25547 for x64
  Copyright (C) Microsoft Corporation.  All rights reserved.
  
  cl /c /Zi /W3 /WX- /diagnostics:classic /Od /Ob0 /D WIN32 /D _WINDOWS /D "CMAKE_INTDIR=\"Debug\"" /D _MBCS /Gm- /RTC1 /MDd /GS /fp:precise /Zc:wchar_t /Zc:forScope /Zc:inline /Fo"cmTC_00a41.dir\Debug\\" /Fd"cmTC_00a41.dir\Debug\vc141.pdb" /Gd /TC /errorReport:queue E:\Project\Project\CMakeFiles\CMakeTmp\CheckIncludeFile.c
  CheckIncludeFile.c
  
E:\Project\Project\CMakeFiles\CMakeTmp\CheckIncludeFile.c(1): fatal error C1083: Cannot open include file: 'unistd.h': No such file or directory [E:\Project\Project\CMakeFiles\CMakeTmp\cmTC_00a41.vcxproj]
Done Building Project "E:\Project\Project\CMakeFiles\CMakeTmp\cmTC_00a41.vcxproj" (default targets) -- FAILED.

Build FAILED.

"E:\Project\Project\CMakeFiles\CMakeTmp\cmTC_00a41.vcxproj" (default target) (1) ->
(ClCompile target) -> 
  E:\Project\Project\CMakeFiles\CMakeTmp\CheckIncludeFile.c(1): fatal error C1083: Cannot open include file: 'unistd.h': No such file or directory [E:\Project\Project\CMakeFiles\CMakeTmp\cmTC_00a41.vcxproj]

    0 Warning(s)
    1 Error(s)

Time Elapsed 00:00:00.37


